[2025-08-12T07:16:59.144Z] unknown::? [Repository: createOrder] Failed query: insert into `orders` (`id`, `warehouse_id`, `payment_type_id`, `client_id`, `status`, `created_at`) values (default, ?, ?, ?, default, STR_TO_DATE(?, '%Y-%m-%d %H:%i:%s'))
params: 1,1,1,2025-08-12 07:10:06
[2025-08-12T07:41:42.958Z] unknown::? [Repository: insertOrderItem] Failed query: insert into `order_items` (`id`, `order_id`, `product_id`, `quantity`, `name`, `sku`, `sn`, `price`, `created_at`) values (default, ?, ?, ?, ?, ?, ?, ?, default), (default, ?, ?, ?, ?, ?, ?, ?, default), (default, ?, ?, ?, ?, ?, ?, ?, default)
params: 4,144,2,SSD диск Samsung 980 1TB,F47J9727,,159.00,4,1,1,Лаптоп Lenovo IdeaPad Slim 5 13ARP10,,,1799.00,4,155,1,Bluetooth слушалки Sony WH-CH720N,5L4KFJID,,269.00
[2025-08-12T12:21:28.638Z] node_modules_bd7ae341._.js::8493 [Repository: createOrder] value.toISOString is not a function
[2025-08-12T12:24:10.996Z] node_modules_bd7ae341._.js::8493 [Repository: createOrder] value.toISOString is not a function
[2025-08-12T12:25:37.323Z] node_modules_bd7ae341._.js::8493 [Repository: createOrder] value.toISOString is not a function
[2025-08-12T12:26:15.005Z] node_modules_bd7ae341._.js::8493 [Repository: createOrder] value.toISOString is not a function
[2025-08-12T12:27:24.218Z] node_modules_bd7ae341._.js::8493 [Repository: createOrder] value.toISOString is not a function
[2025-08-12T12:27:50.633Z] node_modules_bd7ae341._.js::8493 [Repository: createOrder] value.toISOString is not a function
[2025-08-12T12:28:46.349Z] node_modules_bd7ae341._.js::8493 [Repository: createOrder] value.toISOString is not a function
[2025-08-12T12:40:12.192Z] node_modules_bd7ae341._.js::8493 [Repository: createOrder] value.toISOString is not a function
[2025-08-12T12:41:09.374Z] node_modules_bd7ae341._.js::8493 [Repository: createOrder] value.toISOString is not a function
[2025-08-12T12:41:39.641Z] node_modules_bd7ae341._.js::8493 [Repository: createOrder] value.toISOString is not a function
[2025-08-12T12:42:49.911Z] unknown::? [Repository: createOrder] Failed query: insert into `orders` (`id`, `warehouse_id`, `payment_type_id`, `client_id`, `status`, `created_at`) values (default, ?, ?, ?, default, STR_TO_DATE(?, '%Y-%m-%d %H:%i:%s'))
params: 1,1,4,2025-08-12T12:21:04.510Z
[2025-08-12T12:42:56.407Z] unknown::? [Repository: createOrder] Failed query: insert into `orders` (`id`, `warehouse_id`, `payment_type_id`, `client_id`, `status`, `created_at`) values (default, ?, ?, ?, default, STR_TO_DATE(?, '%Y-%m-%d %H:%i:%s'))
params: 1,1,4,2025-08-12T12:21:04.510Z
[2025-08-12T12:45:21.312Z] node_modules_bd7ae341._.js::8493 [Repository: createOrder] value.toISOString is not a function
[2025-08-12T12:45:44.366Z] node_modules_bd7ae341._.js::8493 [Repository: createOrder] value.toISOString is not a function
[2025-08-12T12:50:41.650Z] node_modules_bd7ae341._.js::8493 [Repository: createOrder] value.toISOString is not a function
[2025-08-12T12:52:30.304Z] node_modules_bd7ae341._.js::8493 [Repository: createOrder] value.toISOString is not a function
[2025-08-12T12:55:31.775Z] node_modules_bd7ae341._.js::8493 [Repository: createOrder] value.toISOString is not a function
[2025-08-12T12:59:52.135Z] node_modules_bd7ae341._.js::8493 [Repository: createOrder] value.toISOString is not a function
[2025-08-12T13:07:12.808Z] node_modules_bd7ae341._.js::8493 [Repository: createOrder] value.toISOString is not a function
[2025-08-12T13:07:38.594Z] node_modules_bd7ae341._.js::8493 [Repository: createOrder] value.toISOString is not a function
[2025-08-12T13:08:17.407Z] node_modules_bd7ae341._.js::8493 [Repository: createOrder] value.toISOString is not a function
[2025-08-12T13:08:47.657Z] node_modules_bd7ae341._.js::8493 [Repository: createOrder] value.toISOString is not a function
[2025-08-12T13:09:19.754Z] unknown::? [Repository: createOrder] Insufficient stock for product 144
[2025-08-12T13:09:49.384Z] unknown::? [Repository: createOrder] Insufficient stock for product 144
[2025-08-12T13:10:50.757Z] unknown::? [Repository: createOrder] Insufficient stock for product 144
[2025-08-13T07:08:29.027Z] unknown::? [Repository: getAllOrders] Cannot convert undefined or null to object
[2025-08-13T07:14:39.453Z] unknown::? [Repository: getAllOrders] Failed query: select `orders`.`id`, `orders`.`warehouse_id`, `orders`.`client_id`, `orders`.`payment_type_id`, `payment_types`.`name`, `orders`.`status`, `orders`.`created_at`, `users`.`first_name`, `users`.`last_name`, CONCAT(`users`.`first_name`, ' ', `users`.`last_name`), `users`.`company_name`, COALESCE(SUM(`order_items`.`price` * `order_items`.`quantity`), 0) from `orders` left join `users` on `orders`.`client_id` = `users`.`id` left join `order_items` on `order_items`.`order_id` = `orders`.`id` cross join `payment_types` group by `orders`.`id` order by `orders`.`id` asc limit ?
params: 10
[2025-08-13T07:43:47.479Z] node_modules_bd7ae341._.js::13341 [Repository: getAllOrders] Alias "payment_types" is already used in this query
[2025-08-13T07:43:57.936Z] node_modules_bd7ae341._.js::13341 [Repository: getAllOrders] Alias "payment_types" is already used in this query
[2025-08-13T07:44:32.352Z] node_modules_bd7ae341._.js::13341 [Repository: getAllOrders] Alias "payment_types" is already used in this query
[2025-08-13T07:44:54.915Z] node_modules_bd7ae341._.js::13341 [Repository: getAllOrders] Alias "payment_types" is already used in this query
[2025-08-13T07:46:05.273Z] node_modules_bd7ae341._.js::13341 [Repository: getAllOrders] Alias "payment_types" is already used in this query
[2025-08-13T07:46:19.893Z] node_modules_bd7ae341._.js::13341 [Repository: getAllOrders] Alias "payment_types" is already used in this query
[2025-08-13T07:47:49.931Z] node_modules_bd7ae341._.js::13341 [Repository: getAllOrders] Alias "payment_types" is already used in this query
[2025-08-13T07:48:01.433Z] node_modules_bd7ae341._.js::13341 [Repository: getAllOrders] Alias "payment_types" is already used in this query
[2025-08-13T07:48:18.766Z] node_modules_bd7ae341._.js::13341 [Repository: getAllOrders] Alias "payment_types" is already used in this query
[2025-08-13T07:48:20.256Z] node_modules_bd7ae341._.js::13341 [Repository: getAllOrders] Alias "payment_types" is already used in this query
[2025-08-13T07:49:00.436Z] node_modules_bd7ae341._.js::13341 [Repository: getAllOrders] Alias "payment_types" is already used in this query
[2025-08-13T07:49:02.100Z] node_modules_bd7ae341._.js::13341 [Repository: getAllOrders] Alias "payment_types" is already used in this query
[2025-08-13T07:49:32.923Z] node_modules_bd7ae341._.js::12527 [Repository: getAllOrders] Your "paymentType" field references a column "payment_types"."name", but the table "payment_types" is not part of the query! Did you forget to join it?
[2025-08-13T07:49:37.023Z] node_modules_bd7ae341._.js::12527 [Repository: getAllOrders] Your "paymentType" field references a column "payment_types"."name", but the table "payment_types" is not part of the query! Did you forget to join it?
[2025-08-13T07:50:08.827Z] node_modules_bd7ae341._.js::12527 [Repository: getAllOrders] Your "paymentType" field references a column "payment_types"."name", but the table "payment_types" is not part of the query! Did you forget to join it?
[2025-08-13T07:50:19.268Z] unknown::? [Repository: getAllOrders] Failed query: select `orders`.`id`, `orders`.`warehouse_id`, `orders`.`client_id`, `orders`.`payment_type_id`, `payment_types`.`name`, `orders`.`status`, `orders`.`created_at`, `users`.`first_name`, `users`.`last_name`, CONCAT(`users`.`first_name`, ' ', `users`.`last_name`), `users`.`company_name`, COALESCE(SUM(`order_items`.`price` * `order_items`.`quantity`), 0) from `orders` left join `users` on `orders`.`client_id` = `users`.`id` left join `order_items` on `order_items`.`order_id` = `orders`.`id` left join `payment_types` on  = `payment_types`.`id` group by `orders`.`id` order by `orders`.`id` asc limit ?
params: 10
[2025-08-13T07:50:30.458Z] unknown::? [Repository: getAllOrders] Failed query: select `orders`.`id`, `orders`.`warehouse_id`, `orders`.`client_id`, `orders`.`payment_type_id`, `payment_types`.`name`, `orders`.`status`, `orders`.`created_at`, `users`.`first_name`, `users`.`last_name`, CONCAT(`users`.`first_name`, ' ', `users`.`last_name`), `users`.`company_name`, COALESCE(SUM(`order_items`.`price` * `order_items`.`quantity`), 0) from `orders` left join `users` on `orders`.`client_id` = `users`.`id` left join `order_items` on `order_items`.`order_id` = `orders`.`id` left join `payment_types` on  = `payment_types`.`id` group by `orders`.`id` order by `orders`.`id` asc limit ?
params: 10
[2025-08-13T07:50:32.701Z] unknown::? [Repository: getAllOrders] Failed query: select `orders`.`id`, `orders`.`warehouse_id`, `orders`.`client_id`, `orders`.`payment_type_id`, `payment_types`.`name`, `orders`.`status`, `orders`.`created_at`, `users`.`first_name`, `users`.`last_name`, CONCAT(`users`.`first_name`, ' ', `users`.`last_name`), `users`.`company_name`, COALESCE(SUM(`order_items`.`price` * `order_items`.`quantity`), 0) from `orders` left join `users` on `orders`.`client_id` = `users`.`id` left join `order_items` on `order_items`.`order_id` = `orders`.`id` left join `payment_types` on  = `payment_types`.`id` group by `orders`.`id` order by `orders`.`id` asc limit ?
params: 10
[2025-08-13T07:50:47.412Z] unknown::? [Repository: getAllOrders] Failed query: select `orders`.`id`, `orders`.`warehouse_id`, `orders`.`client_id`, `orders`.`payment_type_id`, `payment_types`.`name`, `orders`.`status`, `orders`.`created_at`, `users`.`first_name`, `users`.`last_name`, CONCAT(`users`.`first_name`, ' ', `users`.`last_name`), `users`.`company_name`, COALESCE(SUM(`order_items`.`price` * `order_items`.`quantity`), 0) from `orders` left join `users` on `orders`.`client_id` = `users`.`id` left join `order_items` on `order_items`.`order_id` = `orders`.`id` left join `payment_types` on  = `payment_types`.`id` group by `orders`.`id` order by `orders`.`id` asc limit ?
params: 10
[2025-08-13T07:50:49.296Z] unknown::? [Repository: getAllOrders] Failed query: select `orders`.`id`, `orders`.`warehouse_id`, `orders`.`client_id`, `orders`.`payment_type_id`, `payment_types`.`name`, `orders`.`status`, `orders`.`created_at`, `users`.`first_name`, `users`.`last_name`, CONCAT(`users`.`first_name`, ' ', `users`.`last_name`), `users`.`company_name`, COALESCE(SUM(`order_items`.`price` * `order_items`.`quantity`), 0) from `orders` left join `users` on `orders`.`client_id` = `users`.`id` left join `order_items` on `order_items`.`order_id` = `orders`.`id` left join `payment_types` on  = `payment_types`.`id` group by `orders`.`id` order by `orders`.`id` asc limit ?
params: 10
[2025-08-13T07:50:57.050Z] unknown::? [Repository: getAllOrders] Failed query: select `orders`.`id`, `orders`.`warehouse_id`, `orders`.`client_id`, `orders`.`payment_type_id`, `payment_types`.`name`, `orders`.`status`, `orders`.`created_at`, `users`.`first_name`, `users`.`last_name`, CONCAT(`users`.`first_name`, ' ', `users`.`last_name`), `users`.`company_name`, COALESCE(SUM(`order_items`.`price` * `order_items`.`quantity`), 0) from `orders` left join `users` on `orders`.`client_id` = `users`.`id` left join `order_items` on `order_items`.`order_id` = `orders`.`id` left join `payment_types` on  = `payment_types`.`id` group by `orders`.`id` order by `orders`.`id` asc limit ?
params: 10
[2025-08-13T07:51:13.762Z] unknown::? [Repository: getAllOrders] Failed query: select `orders`.`id`, `orders`.`warehouse_id`, `orders`.`client_id`, `orders`.`payment_type_id`, `payment_types`.`name`, `orders`.`status`, `orders`.`created_at`, `users`.`first_name`, `users`.`last_name`, CONCAT(`users`.`first_name`, ' ', `users`.`last_name`), `users`.`company_name`, COALESCE(SUM(`order_items`.`price` * `order_items`.`quantity`), 0) from `orders` left join `users` on `orders`.`client_id` = `users`.`id` left join `order_items` on `order_items`.`order_id` = `orders`.`id` left join `payment_types` on  = `payment_types`.`id` group by `orders`.`id` order by `orders`.`id` asc limit ?
params: 10
[2025-08-13T07:51:15.625Z] unknown::? [Repository: getAllOrders] Failed query: select `orders`.`id`, `orders`.`warehouse_id`, `orders`.`client_id`, `orders`.`payment_type_id`, `payment_types`.`name`, `orders`.`status`, `orders`.`created_at`, `users`.`first_name`, `users`.`last_name`, CONCAT(`users`.`first_name`, ' ', `users`.`last_name`), `users`.`company_name`, COALESCE(SUM(`order_items`.`price` * `order_items`.`quantity`), 0) from `orders` left join `users` on `orders`.`client_id` = `users`.`id` left join `order_items` on `order_items`.`order_id` = `orders`.`id` left join `payment_types` on  = `payment_types`.`id` group by `orders`.`id` order by `orders`.`id` asc limit ?
params: 10
